{"name": "test_user_page_displayed", "status": "broken", "statusDetails": {"message": "selenium.common.exceptions.MoveTargetOutOfBoundsException: Message: move target out of bounds\n  (Session info: chrome=101.0.4951.54)\nStacktrace:\n0   chromedriver                        0x00000001048f52c9 chromedriver + 5120713\n1   chromedriver                        0x0000000104883e33 chromedriver + 4656691\n2   chromedriver                        0x000000010447300f chromedriver + 393231\n3   chromedriver                        0x00000001044e068d chromedriver + 841357\n4   chromedriver                        0x00000001044c5482 chromedriver + 730242\n5   chromedriver                        0x00000001044d7f41 chromedriver + 806721\n6   chromedriver                        0x00000001044c5373 chromedriver + 729971\n7   chromedriver                        0x000000010449b609 chromedriver + 558601\n8   chromedriver                        0x000000010449c635 chromedriver + 562741\n9   chromedriver                        0x00000001048c7b1d chromedriver + 4934429\n10  chromedriver                        0x00000001048cc295 chromedriver + 4952725\n11  chromedriver                        0x00000001048d13cf chromedriver + 4973519\n12  chromedriver                        0x00000001048cccba chromedriver + 4955322\n13  chromedriver                        0x00000001048a737c chromedriver + 4801404\n14  chromedriver                        0x00000001048e6c68 chromedriver + 5061736\n15  chromedriver                        0x00000001048e6def chromedriver + 5062127\n16  chromedriver                        0x00000001048fc5e5 chromedriver + 5150181\n17  libsystem_pthread.dylib             0x00007ff8090c54f4 _pthread_start + 125\n18  libsystem_pthread.dylib             0x00007ff8090c100f thread_start + 15", "trace": "request = <FixtureRequest for <Function test_user_page_displayed>>, _pytest_bdd_example = {}\n\n    @pytest.mark.usefixtures(*args)\n    def scenario_wrapper(request, _pytest_bdd_example):\n        scenario = templated_scenario.render(_pytest_bdd_example)\n>       _execute_scenario(feature, scenario, request)\n\n../../PycharmProjects/Assignment2-PythonBDD-Selenium/venv/lib/python3.8/site-packages/pytest_bdd/scenario.py:174: \n_ _ _ _ _ _ _ _ _ _ _ _ _ _ _ _ _ _ _ _ _ _ _ _ _ _ _ _ _ _ _ _ _ _ _ _ _ _ _ _ _ _ _ _ _ _ _ _ _ _ _ _ _ _ _ _ _ _ _ _ _ _ _ _ _ _ _ _ _ _ _ _ _ _ _ _ _ _ _ _ _ _ _ _ _ _ _ _ _ _ _\n../../PycharmProjects/Assignment2-PythonBDD-Selenium/venv/lib/python3.8/site-packages/pytest_bdd/scenario.py:144: in _execute_scenario\n    _execute_step_function(request, scenario, step, step_func)\n../../PycharmProjects/Assignment2-PythonBDD-Selenium/venv/lib/python3.8/site-packages/pytest_bdd/scenario.py:114: in _execute_step_function\n    return_value = step_func(**kwargs)\ndev/test/step_defs/test_users_steps.py:28: in click_user_menu\n    UserPage(browser).hover_and_click_tab()\ndev/pages/users_page.py:21: in hover_and_click_tab\n    action.move_to_element(admin_tab).move_to_element(user_management_tab).click(user_button).perform()\n../../PycharmProjects/Assignment2-PythonBDD-Selenium/venv/lib/python3.8/site-packages/selenium/webdriver/common/action_chains.py:75: in perform\n    self.w3c_actions.perform()\n../../PycharmProjects/Assignment2-PythonBDD-Selenium/venv/lib/python3.8/site-packages/selenium/webdriver/common/actions/action_builder.py:88: in perform\n    self.driver.execute(Command.W3C_ACTIONS, enc)\n../../PycharmProjects/Assignment2-PythonBDD-Selenium/venv/lib/python3.8/site-packages/selenium/webdriver/remote/webdriver.py:425: in execute\n    self.error_handler.check_response(response)\n_ _ _ _ _ _ _ _ _ _ _ _ _ _ _ _ _ _ _ _ _ _ _ _ _ _ _ _ _ _ _ _ _ _ _ _ _ _ _ _ _ _ _ _ _ _ _ _ _ _ _ _ _ _ _ _ _ _ _ _ _ _ _ _ _ _ _ _ _ _ _ _ _ _ _ _ _ _ _ _ _ _ _ _ _ _ _ _ _ _ _\n\nself = <selenium.webdriver.remote.errorhandler.ErrorHandler object at 0x10aa45dc0>\nresponse = {'status': 500, 'value': '{\"value\":{\"error\":\"move target out of bounds\",\"message\":\"move target out of bounds\\\\n  (Sess...ff8090c54f4 _pthread_start + 125\\\\n18  libsystem_pthread.dylib             0x00007ff8090c100f thread_start + 15\\\\n\"}}'}\n\n    def check_response(self, response: Dict[str, Any]) -> None:\n        \"\"\"\n        Checks that a JSON response from the WebDriver does not have an error.\n    \n        :Args:\n         - response - The JSON response from the WebDriver server as a dictionary\n           object.\n    \n        :Raises: If the response contains an error message.\n        \"\"\"\n        status = response.get('status', None)\n        if not status or status == ErrorCode.SUCCESS:\n            return\n        value = None\n        message = response.get(\"message\", \"\")\n        screen: str = response.get(\"screen\", \"\")\n        stacktrace = None\n        if isinstance(status, int):\n            value_json = response.get('value', None)\n            if value_json and isinstance(value_json, str):\n                import json\n                try:\n                    value = json.loads(value_json)\n                    if len(value.keys()) == 1:\n                        value = value['value']\n                    status = value.get('error', None)\n                    if not status:\n                        status = value.get(\"status\", ErrorCode.UNKNOWN_ERROR)\n                        message = value.get(\"value\") or value.get(\"message\")\n                        if not isinstance(message, str):\n                            value = message\n                            message = message.get('message')\n                    else:\n                        message = value.get('message', None)\n                except ValueError:\n                    pass\n    \n        exception_class: Type[WebDriverException]\n        if status in ErrorCode.NO_SUCH_ELEMENT:\n            exception_class = NoSuchElementException\n        elif status in ErrorCode.NO_SUCH_FRAME:\n            exception_class = NoSuchFrameException\n        elif status in ErrorCode.NO_SUCH_SHADOW_ROOT:\n            exception_class = NoSuchShadowRootException\n        elif status in ErrorCode.NO_SUCH_WINDOW:\n            exception_class = NoSuchWindowException\n        elif status in ErrorCode.STALE_ELEMENT_REFERENCE:\n            exception_class = StaleElementReferenceException\n        elif status in ErrorCode.ELEMENT_NOT_VISIBLE:\n            exception_class = ElementNotVisibleException\n        elif status in ErrorCode.INVALID_ELEMENT_STATE:\n            exception_class = InvalidElementStateException\n        elif status in ErrorCode.INVALID_SELECTOR \\\n                or status in ErrorCode.INVALID_XPATH_SELECTOR \\\n                or status in ErrorCode.INVALID_XPATH_SELECTOR_RETURN_TYPER:\n            exception_class = InvalidSelectorException\n        elif status in ErrorCode.ELEMENT_IS_NOT_SELECTABLE:\n            exception_class = ElementNotSelectableException\n        elif status in ErrorCode.ELEMENT_NOT_INTERACTABLE:\n            exception_class = ElementNotInteractableException\n        elif status in ErrorCode.INVALID_COOKIE_DOMAIN:\n            exception_class = InvalidCookieDomainException\n        elif status in ErrorCode.UNABLE_TO_SET_COOKIE:\n            exception_class = UnableToSetCookieException\n        elif status in ErrorCode.TIMEOUT:\n            exception_class = TimeoutException\n        elif status in ErrorCode.SCRIPT_TIMEOUT:\n            exception_class = TimeoutException\n        elif status in ErrorCode.UNKNOWN_ERROR:\n            exception_class = WebDriverException\n        elif status in ErrorCode.UNEXPECTED_ALERT_OPEN:\n            exception_class = UnexpectedAlertPresentException\n        elif status in ErrorCode.NO_ALERT_OPEN:\n            exception_class = NoAlertPresentException\n        elif status in ErrorCode.IME_NOT_AVAILABLE:\n            exception_class = ImeNotAvailableException\n        elif status in ErrorCode.IME_ENGINE_ACTIVATION_FAILED:\n            exception_class = ImeActivationFailedException\n        elif status in ErrorCode.MOVE_TARGET_OUT_OF_BOUNDS:\n            exception_class = MoveTargetOutOfBoundsException\n        elif status in ErrorCode.JAVASCRIPT_ERROR:\n            exception_class = JavascriptException\n        elif status in ErrorCode.SESSION_NOT_CREATED:\n            exception_class = SessionNotCreatedException\n        elif status in ErrorCode.INVALID_ARGUMENT:\n            exception_class = InvalidArgumentException\n        elif status in ErrorCode.NO_SUCH_COOKIE:\n            exception_class = NoSuchCookieException\n        elif status in ErrorCode.UNABLE_TO_CAPTURE_SCREEN:\n            exception_class = ScreenshotException\n        elif status in ErrorCode.ELEMENT_CLICK_INTERCEPTED:\n            exception_class = ElementClickInterceptedException\n        elif status in ErrorCode.INSECURE_CERTIFICATE:\n            exception_class = InsecureCertificateException\n        elif status in ErrorCode.INVALID_COORDINATES:\n            exception_class = InvalidCoordinatesException\n        elif status in ErrorCode.INVALID_SESSION_ID:\n            exception_class = InvalidSessionIdException\n        elif status in ErrorCode.UNKNOWN_METHOD:\n            exception_class = UnknownMethodException\n        else:\n            exception_class = WebDriverException\n        if not value:\n            value = response['value']\n        if isinstance(value, str):\n            raise exception_class(value)\n        if message == \"\" and 'message' in value:\n            message = value['message']\n    \n        screen = None  # type: ignore[assignment]\n        if 'screen' in value:\n            screen = value['screen']\n    \n        stacktrace = None\n        st_value = value.get('stackTrace') or value.get('stacktrace')\n        if st_value:\n            if isinstance(st_value, str):\n                stacktrace = st_value.split('\\n')\n            else:\n                stacktrace = []\n                try:\n                    for frame in st_value:\n                        line = self._value_or_default(frame, 'lineNumber', '')\n                        file = self._value_or_default(frame, 'fileName', '<anonymous>')\n                        if line:\n                            file = \"%s:%s\" % (file, line)\n                        meth = self._value_or_default(frame, 'methodName', '<anonymous>')\n                        if 'className' in frame:\n                            meth = \"%s.%s\" % (frame['className'], meth)\n                        msg = \"    at %s (%s)\"\n                        msg = msg % (meth, file)\n                        stacktrace.append(msg)\n                except TypeError:\n                    pass\n        if exception_class == UnexpectedAlertPresentException:\n            alert_text = None\n            if 'data' in value:\n                alert_text = value['data'].get('text')\n            elif 'alert' in value:\n                alert_text = value['alert'].get('text')\n            raise exception_class(message, screen, stacktrace, alert_text)  # type: ignore[call-arg]  # mypy is not smart enough here\n>       raise exception_class(message, screen, stacktrace)\nE       selenium.common.exceptions.MoveTargetOutOfBoundsException: Message: move target out of bounds\nE         (Session info: chrome=101.0.4951.54)\nE       Stacktrace:\nE       0   chromedriver                        0x00000001048f52c9 chromedriver + 5120713\nE       1   chromedriver                        0x0000000104883e33 chromedriver + 4656691\nE       2   chromedriver                        0x000000010447300f chromedriver + 393231\nE       3   chromedriver                        0x00000001044e068d chromedriver + 841357\nE       4   chromedriver                        0x00000001044c5482 chromedriver + 730242\nE       5   chromedriver                        0x00000001044d7f41 chromedriver + 806721\nE       6   chromedriver                        0x00000001044c5373 chromedriver + 729971\nE       7   chromedriver                        0x000000010449b609 chromedriver + 558601\nE       8   chromedriver                        0x000000010449c635 chromedriver + 562741\nE       9   chromedriver                        0x00000001048c7b1d chromedriver + 4934429\nE       10  chromedriver                        0x00000001048cc295 chromedriver + 4952725\nE       11  chromedriver                        0x00000001048d13cf chromedriver + 4973519\nE       12  chromedriver                        0x00000001048cccba chromedriver + 4955322\nE       13  chromedriver                        0x00000001048a737c chromedriver + 4801404\nE       14  chromedriver                        0x00000001048e6c68 chromedriver + 5061736\nE       15  chromedriver                        0x00000001048e6def chromedriver + 5062127\nE       16  chromedriver                        0x00000001048fc5e5 chromedriver + 5150181\nE       17  libsystem_pthread.dylib             0x00007ff8090c54f4 _pthread_start + 125\nE       18  libsystem_pthread.dylib             0x00007ff8090c100f thread_start + 15\n\n../../PycharmProjects/Assignment2-PythonBDD-Selenium/venv/lib/python3.8/site-packages/selenium/webdriver/remote/errorhandler.py:247: MoveTargetOutOfBoundsException"}, "description": "/Users/shahzadakram/Documents/selenium-python-bdd-framework/dev/test/features/userpage.feature: User Page Displayed", "attachments": [{"name": "log", "source": "eebfc6e9-65d0-48fc-b353-a30258ab8cbb-attachment.txt", "type": "text/plain"}, {"name": "stdout", "source": "2da9ac59-f246-484e-9b35-11c9b95f3dff-attachment.txt", "type": "text/plain"}, {"name": "stderr", "source": "8d7a16a3-b451-40ad-a8a0-e6d36f03869e-attachment.txt", "type": "text/plain"}], "start": 1652281257057, "stop": 1652281273724, "uuid": "0e5a332b-53b9-4c8f-a6af-8330083418cf", "historyId": "6c320b1486e156993b46d1413c6c3216", "testCaseId": "0b9838cf9b1215d5c576edbf1ffaa4b8", "fullName": "dev.test.step_defs.test_users_steps#test_user_page_displayed", "labels": [{"name": "tag", "value": "@pytest.mark.usefixtures"}, {"name": "tag", "value": "user_add"}, {"name": "parentSuite", "value": "dev.test.step_defs"}, {"name": "suite", "value": "test_users_steps"}, {"name": "host", "value": "Shahzads-MacBook-Pro.local"}, {"name": "thread", "value": "4276-MainThread"}, {"name": "framework", "value": "pytest"}, {"name": "language", "value": "cpython3"}, {"name": "package", "value": "dev.test.step_defs.test_users_steps"}]}